  2.6.cpp
E:\GitHub\OpenGL_Learn\FirstOpenGL\FirstOpenGL\shader.h(4,10): warning C4067: 预处理器指令后有意外标记 - 应输入换行符
E:\GitHub\OpenGL_Learn\FirstOpenGL\FirstOpenGL\Mesh.h(89,1): warning C4267: “参数”: 从“size_t”转换到“GLsizei”，可能丢失数据
E:\GitHub\OpenGL_Learn\FirstOpenGL\FirstOpenGL\2.6.cpp(199,22): warning C4244: “初始化”: 从“double”转换到“float”，可能丢失数据
E:\GitHub\OpenGL_Learn\FirstOpenGL\FirstOpenGL\2.6.cpp(235,54): warning C4305: “参数”: 从“double”到“float”截断
E:\GitHub\OpenGL_Learn\FirstOpenGL\FirstOpenGL\2.6.cpp(236,58): warning C4305: “参数”: 从“double”到“float”截断
E:\GitHub\OpenGL_Learn\FirstOpenGL\FirstOpenGL\2.6.cpp(243,54): warning C4305: “参数”: 从“double”到“float”截断
E:\GitHub\OpenGL_Learn\FirstOpenGL\FirstOpenGL\2.6.cpp(244,58): warning C4305: “参数”: 从“double”到“float”截断
E:\GitHub\OpenGL_Learn\FirstOpenGL\FirstOpenGL\2.6.cpp(251,54): warning C4305: “参数”: 从“double”到“float”截断
E:\GitHub\OpenGL_Learn\FirstOpenGL\FirstOpenGL\2.6.cpp(252,58): warning C4305: “参数”: 从“double”到“float”截断
E:\GitHub\OpenGL_Learn\FirstOpenGL\FirstOpenGL\2.6.cpp(259,54): warning C4305: “参数”: 从“double”到“float”截断
E:\GitHub\OpenGL_Learn\FirstOpenGL\FirstOpenGL\2.6.cpp(260,58): warning C4305: “参数”: 从“double”到“float”截断
E:\GitHub\OpenGL_Learn\FirstOpenGL\FirstOpenGL\2.6.cpp(268,49): warning C4305: “参数”: 从“double”到“float”截断
E:\GitHub\OpenGL_Learn\FirstOpenGL\FirstOpenGL\2.6.cpp(269,53): warning C4305: “参数”: 从“double”到“float”截断
E:\GitHub\OpenGL_Learn\FirstOpenGL\FirstOpenGL\2.6.cpp(359,11): warning C4244: “=”: 从“double”转换到“float”，可能丢失数据
E:\GitHub\OpenGL_Learn\FirstOpenGL\FirstOpenGL\2.6.cpp(360,11): warning C4244: “=”: 从“double”转换到“float”，可能丢失数据
E:\GitHub\OpenGL_Learn\FirstOpenGL\FirstOpenGL\2.6.cpp(364,16): warning C4244: “初始化”: 从“double”转换到“float”，可能丢失数据
E:\GitHub\OpenGL_Learn\FirstOpenGL\FirstOpenGL\2.6.cpp(365,16): warning C4244: “初始化”: 从“double”转换到“float”，可能丢失数据
E:\GitHub\OpenGL_Learn\FirstOpenGL\FirstOpenGL\2.6.cpp(367,10): warning C4244: “=”: 从“double”转换到“float”，可能丢失数据
E:\GitHub\OpenGL_Learn\FirstOpenGL\FirstOpenGL\2.6.cpp(368,10): warning C4244: “=”: 从“double”转换到“float”，可能丢失数据
E:\GitHub\OpenGL_Learn\FirstOpenGL\FirstOpenGL\2.6.cpp(377,28): warning C4244: “参数”: 从“double”转换到“float”，可能丢失数据
  FirstOpenGL.vcxproj -> E:\GitHub\OpenGL_Learn\FirstOpenGL\x64\Debug\FirstOpenGL.exe
